{
  "stats": {
    "suites": 1,
    "tests": 8,
    "passes": 8,
    "pending": 0,
    "failures": 0,
    "start": "2024-09-17T12:15:05.454Z",
    "end": "2024-09-17T12:15:45.046Z",
    "duration": 39592,
    "testsRegistered": 9,
    "passPercent": 88.88888888888889,
    "pendingPercent": 0,
    "other": 0,
    "hasOther": false,
    "skipped": 1,
    "hasSkipped": true
  },
  "results": [
    {
      "uuid": "9bbfa76e-e85c-4e99-b828-363b3648c814",
      "title": "",
      "fullFile": "",
      "file": "",
      "beforeHooks": [],
      "afterHooks": [],
      "tests": [],
      "suites": [
        {
          "uuid": "5e312b8f-dcb5-4611-91f0-4a61b07f64a5",
          "title": "Tests_for_account_functionality",
          "fullFile": "C:\\Users\\Okechi\\Desktop\\Javascript\\Projects\\STLC Example Project\\tests\\selenium\\accountFunctionality.js",
          "file": "\\tests\\selenium\\accountFunctionality.js",
          "beforeHooks": [
            {
              "title": "\"before each\" hook in \"Tests_for_account_functionality\"",
              "fullTitle": "Tests_for_account_functionality \"before each\" hook in \"Tests_for_account_functionality\"",
              "timedOut": false,
              "duration": 2145,
              "state": null,
              "speed": null,
              "pass": false,
              "fail": false,
              "pending": false,
              "context": null,
              "code": "//Launch a blank Chrome browser\ndriver = await new Builder().forBrowser(Browser.CHROME).build();\n//Moves browser window \nawait driver.manage().window().setRect({x: 10, y: -1440 });\n\n//Navigate to website\nawait driver.get('https://magento.softwaretestingboard.com/');",
              "err": {},
              "uuid": "a143515d-615d-4970-af07-b1c02672562d",
              "parentUUID": "5e312b8f-dcb5-4611-91f0-4a61b07f64a5",
              "isHook": true,
              "skipped": false
            }
          ],
          "afterHooks": [],
          "tests": [
            {
              "title": "Successfully creates an account",
              "fullTitle": "Tests_for_account_functionality Successfully creates an account",
              "timedOut": false,
              "duration": 4223,
              "state": "passed",
              "speed": "slow",
              "pass": true,
              "fail": false,
              "pending": false,
              "context": "{\n  \"title\": \"Account information used\",\n  \"value\": {\n    \"firstName\": \"Maude\",\n    \"lastName\": \"Renner\",\n    \"email\": \"Eunice_Leannon@gmail.com\",\n    \"password\": \"mNiD3ZWZ3wA0AY_AkdO3\"\n  }\n}",
              "code": "await driver.findElement(By.xpath('//div[@class=\"panel header\"]/ul/li[3]')).click();\nlet currentUrl = await driver.getCurrentUrl();\n//Chai assert to verify the page is correct\nexpect(currentUrl).to.contain(\"account/create/\");\n//Enter account information\nawait driver.findElement(By.id('firstname')).sendKeys(person.firstName);\nawait driver.findElement(By.id('lastname')).sendKeys(person.lastName);\nawait driver.findElement(By.id('email_address')).sendKeys(person.email);\nawait driver.findElement(By.id('password')).sendKeys(person.password);\nconsole.log(person.password);\n\nawait driver.findElement(By.id('password-confirmation')).sendKeys(person.password);\n//Add the account details to the report\naddContext(this, {\n    title: \"Account information used\",\n    value: {\n        firstName: person.firstName,\n        lastName: person.lastName,\n        email: person.email,\n        password: person.password\n    }\n});\n\n//Submit new account information\nawait driver.findElement(By.xpath(\"//button[@class='action submit primary']\")).click();\n//Verify account has been created\nlet accountName = await driver.findElement(By.xpath(\"//div[@class='box-content']/p\")).getText();\nexpect(accountName).to.contain(person.firstName);\nexpect(accountName).to.contain(person.lastName);\nexpect(accountName).to.contain(person.email);",
              "err": {},
              "uuid": "c04b4051-d35b-44cf-a7c0-3c31e87a99b4",
              "parentUUID": "5e312b8f-dcb5-4611-91f0-4a61b07f64a5",
              "isHook": false,
              "skipped": false
            },
            {
              "title": "Unable to create an account with missing information",
              "fullTitle": "Tests_for_account_functionality Unable to create an account with missing information",
              "timedOut": false,
              "duration": 1139,
              "state": "passed",
              "speed": "slow",
              "pass": true,
              "fail": false,
              "pending": false,
              "context": null,
              "code": "await driver.findElement(By.xpath('//div[@class=\"panel header\"]/ul/li[3]')).click();\nlet currentUrl = await driver.getCurrentUrl();\n//Chai assert to verify the page is correct\nexpect(currentUrl).to.contain(\"account/create/\");\n//Enter account information\nawait driver.findElement(By.id('firstname')).sendKeys(person2.firstName);\n// await driver.findElement(By.id('lastname')).sendKeys(person2.lastName);\nawait driver.findElement(By.id('email_address')).sendKeys(person2.email);\nawait driver.findElement(By.id('password')).sendKeys(person2.password);\nawait driver.findElement(By.id('password-confirmation')).sendKeys(person2.password);\n//Submit new account information\nawait driver.findElement(By.xpath(\"//button[@class='action submit primary']\")).click();\n//Chai assert for required info error\nconst requiredErr = await driver.findElement(By.xpath(\"//div[@class='mage-error']\")).isDisplayed();\nexpect(requiredErr).to.equal(true);",
              "err": {},
              "uuid": "3ccecf55-a9bc-46af-ac4f-30d24e1ff179",
              "parentUUID": "5e312b8f-dcb5-4611-91f0-4a61b07f64a5",
              "isHook": false,
              "skipped": false
            },
            {
              "title": "Unable to create an account with passwords that dont match",
              "fullTitle": "Tests_for_account_functionality Unable to create an account with passwords that dont match",
              "timedOut": false,
              "duration": 1536,
              "state": "passed",
              "speed": "slow",
              "pass": true,
              "fail": false,
              "pending": false,
              "context": null,
              "code": "await driver.findElement(By.xpath('//div[@class=\"panel header\"]/ul/li[3]')).click();\nlet currentUrl = await driver.getCurrentUrl();\n//Chai assert to verify the page is correct\nexpect(currentUrl).to.contain(\"account/create/\");\n//Enter account information\nawait driver.findElement(By.id('firstname')).sendKeys(person2.firstName);\nawait driver.findElement(By.id('lastname')).sendKeys(person2.lastName);\nawait driver.findElement(By.id('email_address')).sendKeys(person2.email);\nawait driver.findElement(By.id('password')).sendKeys(person2.password);\nawait driver.findElement(By.id('password-confirmation')).sendKeys(person2.password+1);\n//Submit new account information\nawait driver.findElement(By.xpath(\"//button[@class='action submit primary']\")).click();\n//Chai assert for password error\nconst passwordErr = await driver.findElement(By.xpath(\"//div[@id='password-confirmation-error']\")).isDisplayed();\nexpect(passwordErr).to.equal(true);",
              "err": {},
              "uuid": "46fe812d-5a99-4e7a-b968-13cbc79fb88a",
              "parentUUID": "5e312b8f-dcb5-4611-91f0-4a61b07f64a5",
              "isHook": false,
              "skipped": false
            },
            {
              "title": "Unable to create an account with an already registered email",
              "fullTitle": "Tests_for_account_functionality Unable to create an account with an already registered email",
              "timedOut": false,
              "duration": 3631,
              "state": "passed",
              "speed": "slow",
              "pass": true,
              "fail": false,
              "pending": false,
              "context": null,
              "code": "await driver.findElement(By.xpath('//div[@class=\"panel header\"]/ul/li[3]')).click();\nlet currentUrl = await driver.getCurrentUrl();\n//Chai assert to verify the page is correct\nexpect(currentUrl).to.contain(\"account/create/\");\n//Enter account information\nawait driver.findElement(By.id('firstname')).sendKeys(person.firstName);\nawait driver.findElement(By.id('lastname')).sendKeys(person.lastName);\nawait driver.findElement(By.id('email_address')).sendKeys(person.email);\nawait driver.findElement(By.id('password')).sendKeys(person.password);\nawait driver.findElement(By.id('password-confirmation')).sendKeys(person.password);\n//Submit new account information\nawait driver.findElement(By.xpath(\"//button[@class='action submit primary']\")).click();\n//Chai assert for email error\nconst emailErr = await driver.findElement(By.xpath(\"//div[@class='page messages']\")).isDisplayed();\nexpect(emailErr).to.equal(true);",
              "err": {},
              "uuid": "33f73748-c332-4d84-91f2-c7c8c604391d",
              "parentUUID": "5e312b8f-dcb5-4611-91f0-4a61b07f64a5",
              "isHook": false,
              "skipped": false
            },
            {
              "title": "Successfully login with the correct email/password to a previously created account",
              "fullTitle": "Tests_for_account_functionality Successfully login with the correct email/password to a previously created account",
              "timedOut": false,
              "duration": 3820,
              "state": "passed",
              "speed": "slow",
              "pass": true,
              "fail": false,
              "pending": false,
              "context": null,
              "code": "await driver.findElement(By.xpath('//div[@class=\"panel header\"]/ul/li[2]')).click();\n//Chai assert to verify the page is correct\nconst loginPageCheck = await driver.findElement(By.xpath('//h1[@class=\"page-title\"]/span[@class=\"base\"]')).getText();\nexpect(loginPageCheck).to.contain(\"Customer Login\");\n//Enter login information\nawait driver.findElement(By.id('email')).sendKeys(person.email);\nawait driver.findElement(By.id('pass')).sendKeys(person.password);\n\n//Submit login information\nawait driver.findElement(By.xpath(\"//button[@class='action login primary']\")).click();\n\n//Navigate to account information\nawait driver.findElement(By.xpath(\"//button[@class='action switch']\")).click();\nawait driver.findElement(By.xpath(\"//div[@class='customer-menu']/ul/li[1]\")).click();\n\nlet currentUrl = await driver.getCurrentUrl();\n\n//Chai assert to verify the page is correct\nexpect(currentUrl).to.contain(\"customer/account/\");\n\nlet accountInformation = await driver.findElement(By.xpath(\"//div[@class='box-content']/p\")).getText();\nexpect(accountInformation).to.contain(person.email);\nexpect(accountInformation).to.contain(person.firstName);\nexpect(accountInformation).to.contain(person.lastName);",
              "err": {},
              "uuid": "f988513f-a0f4-42f3-a4df-53f2be14d188",
              "parentUUID": "5e312b8f-dcb5-4611-91f0-4a61b07f64a5",
              "isHook": false,
              "skipped": false
            },
            {
              "title": "Unable to login with the incorrect email and correct password to a previously created account",
              "fullTitle": "Tests_for_account_functionality Unable to login with the incorrect email and correct password to a previously created account",
              "timedOut": false,
              "duration": 2182,
              "state": "passed",
              "speed": "slow",
              "pass": true,
              "fail": false,
              "pending": false,
              "context": null,
              "code": "await driver.findElement(By.xpath('//div[@class=\"panel header\"]/ul/li[2]')).click();\n//Chai assert to verify the page is correct\nconst loginPageCheck = await driver.findElement(By.xpath('//h1[@class=\"page-title\"]/span[@class=\"base\"]')).getText();\nexpect(loginPageCheck).to.contain(\"Customer Login\");\n//Enter login information\nawait driver.findElement(By.id('email')).sendKeys(person2.email);\nawait driver.findElement(By.id('pass')).sendKeys(person.password);\n//Submit login information\nawait driver.findElement(By.xpath(\"//button[@class='action login primary']\")).click();\n//Verify sign-in error\nconst logingErr = await driver.findElement(By.xpath(\"//div[@class='page messages']\")).isDisplayed();\nexpect(logingErr).to.equal(true);",
              "err": {},
              "uuid": "151fa04a-99e9-4254-86e4-bc9c86697f9a",
              "parentUUID": "5e312b8f-dcb5-4611-91f0-4a61b07f64a5",
              "isHook": false,
              "skipped": false
            },
            {
              "title": "Unable to login with the correct email and incorrect password to a previously created account",
              "fullTitle": "Tests_for_account_functionality Unable to login with the correct email and incorrect password to a previously created account",
              "timedOut": false,
              "duration": 3380,
              "state": "passed",
              "speed": "slow",
              "pass": true,
              "fail": false,
              "pending": false,
              "context": null,
              "code": "await driver.findElement(By.xpath('//div[@class=\"panel header\"]/ul/li[2]')).click();\n//Chai assert to verify the page is correct\nconst loginPageCheck = await driver.findElement(By.xpath('//h1[@class=\"page-title\"]/span[@class=\"base\"]')).getText();\nexpect(loginPageCheck).to.contain(\"Customer Login\");\n//Enter login information\nawait driver.findElement(By.id('email')).sendKeys(person.email);\nawait driver.findElement(By.id('pass')).sendKeys(person2.password);\n//Submit login information\nawait driver.findElement(By.xpath(\"//button[@class='action login primary']\")).click();\n//Verify sign-in error\nconst logingErr = await driver.findElement(By.xpath(\"//div[@class='page messages']\")).isDisplayed();\nexpect(logingErr).to.equal(true);",
              "err": {},
              "uuid": "2954c572-a617-493f-bf10-357386af33eb",
              "parentUUID": "5e312b8f-dcb5-4611-91f0-4a61b07f64a5",
              "isHook": false,
              "skipped": false
            },
            {
              "title": "Unable to login with the incorrect email/password to a previously created account",
              "fullTitle": "Tests_for_account_functionality Unable to login with the incorrect email/password to a previously created account",
              "timedOut": false,
              "duration": 2180,
              "state": "passed",
              "speed": "slow",
              "pass": true,
              "fail": false,
              "pending": false,
              "context": null,
              "code": "await driver.findElement(By.xpath('//div[@class=\"panel header\"]/ul/li[2]')).click();\n//Chai assert to verify the page is correct\nconst loginPageCheck = await driver.findElement(By.xpath('//h1[@class=\"page-title\"]/span[@class=\"base\"]')).getText();\nexpect(loginPageCheck).to.contain(\"Customer Login\");\n//Enter login information\nawait driver.findElement(By.id('email')).sendKeys(person2.email);\nawait driver.findElement(By.id('pass')).sendKeys(person2.password);\n//Submit login information\nawait driver.findElement(By.xpath(\"//button[@class='action login primary']\")).click();\n//Verify sign-in error\nconst logingErr = await driver.findElement(By.xpath(\"//div[@class='page messages']\")).isDisplayed();\nexpect(logingErr).to.equal(true);",
              "err": {},
              "uuid": "dc5331ac-02f2-40a6-88f1-f8385b506dea",
              "parentUUID": "5e312b8f-dcb5-4611-91f0-4a61b07f64a5",
              "isHook": false,
              "skipped": false
            }
          ],
          "suites": [],
          "passes": [
            "c04b4051-d35b-44cf-a7c0-3c31e87a99b4",
            "3ccecf55-a9bc-46af-ac4f-30d24e1ff179",
            "46fe812d-5a99-4e7a-b968-13cbc79fb88a",
            "33f73748-c332-4d84-91f2-c7c8c604391d",
            "f988513f-a0f4-42f3-a4df-53f2be14d188",
            "151fa04a-99e9-4254-86e4-bc9c86697f9a",
            "2954c572-a617-493f-bf10-357386af33eb",
            "dc5331ac-02f2-40a6-88f1-f8385b506dea"
          ],
          "failures": [],
          "pending": [],
          "skipped": [],
          "duration": 22091,
          "root": false,
          "rootEmpty": false,
          "_timeout": 0
        },
        {
          "uuid": "e484a8a8-a6c3-4685-ae24-fdb3f47d8ae8",
          "title": "Tests_for_website_functionality",
          "fullFile": "C:\\Users\\Okechi\\Desktop\\Javascript\\Projects\\STLC Example Project\\tests\\selenium\\websiteFunctionality.js",
          "file": "\\tests\\selenium\\websiteFunctionality.js",
          "beforeHooks": [
            {
              "title": "\"before each\" hook",
              "fullTitle": "Tests_for_website_functionality \"before each\" hook",
              "timedOut": false,
              "duration": 0,
              "state": null,
              "speed": null,
              "pass": false,
              "fail": false,
              "pending": false,
              "context": null,
              "code": "//Launch a blank Chrome browser\ndriver = await new Builder().forBrowser(Browser.CHROME).build();\n//Moves browser window \nawait driver.manage().window().setRect({x: 10, y: -1440 });\n\n//Navigate to website\nawait driver.get('https://magento.softwaretestingboard.com/');",
              "err": {},
              "uuid": "26061174-f14f-44ca-b674-092c90c66099",
              "parentUUID": null,
              "isHook": true,
              "skipped": false
            }
          ],
          "afterHooks": [],
          "tests": [
            {
              "title": "Successfully navigates to the correct product page",
              "fullTitle": "Tests_for_website_functionality Successfully navigates to the correct product page",
              "timedOut": false,
              "duration": 0,
              "state": null,
              "speed": null,
              "pass": false,
              "fail": false,
              "pending": false,
              "context": null,
              "code": "//Navigate to a product catagory\n//Store category name\nconst categoryName = await driver.findElement(By.xpath(\"//nav[@class='navigation']//li[2]/a\")).getText();\n\n//Click category\nawait driver.findElement(By.xpath(`//nav[@class='navigation']//li[2]`)).click();\n//Store category name\nconst subCategoryName = await driver.findElement(By.xpath(\"//ol[@class='items']/li[1]/a\")).getText();\n\n//Click sub category\nawait driver.findElement(By.xpath(`//ol[@class='items']/li[1]/a`)).click();\n//Verify the page is correct\nconst previousBredcrumb = await driver.findElement(By.xpath('//div[@class=\"breadcrumbs\"]/ul/li[2]')).getText();\nconst currentBredcrumb = await driver.findElement(By.xpath('//div[@class=\"breadcrumbs\"]/ul/li[3]')).getText();\nexpect(previousBredcrumb).to.equal(categoryName);\nexpect(currentBredcrumb).to.equal(subCategoryName);\n//Set up rng to choose product\nconst products = await driver.findElements(By.xpath(\"//ol[@class='products list items product-items']/li\"));\nlet rngProduct = Math.floor(Math.random() * products.length + 1);\n//Store product name and price\nconst productName = await driver.findElement(By.xpath(`//ol[@class='products list items product-items']/li[${rngProduct}]//strong/a`)).getText();\nconst productPrice = await driver.findElement(By.xpath(`//ol[@class='products list items product-items']/li[${rngProduct}]//span[@class=\"normal-price\"]/span/span[2]/span`)).getText();\n//Click chosen product\nawait driver.findElement(By.xpath(`//ol[@class='products list items product-items']/li[${rngProduct}]//strong/a`)).click();\n//Verify page is correct\nlet currentUrl = await driver.getCurrentUrl()\nexpect(currentUrl.toLocaleLowerCase()).to.contain(productName.replace(/\\s/g, \"-\").toLocaleLowerCase());\n//Verify product information\nconst productPageName = await driver.findElement(By.xpath(\"//div[@class='product-info-main']/div[1]/h1/span\")).getText();\nconst productPagePrice = await driver.findElement(By.xpath(\"//div[@class='product-info-main']/div[3]//span[@class='normal-price']/span/span[2]/span\")).getText();\nexpect(productPageName).to.equal(productName);\nexpect(productPagePrice).to.equal(productPrice);",
              "err": {},
              "uuid": "54625ead-0daf-4a50-92a2-d4c21e9b7c8b",
              "parentUUID": null,
              "isHook": false,
              "skipped": true
            }
          ],
          "suites": [],
          "passes": [],
          "failures": [],
          "pending": [],
          "skipped": [
            "54625ead-0daf-4a50-92a2-d4c21e9b7c8b"
          ],
          "duration": 0,
          "root": false,
          "rootEmpty": false,
          "_timeout": 0
        }
      ],
      "passes": [],
      "failures": [],
      "pending": [],
      "skipped": [],
      "duration": 0,
      "root": true,
      "rootEmpty": true,
      "_timeout": 0
    }
  ],
  "meta": {
    "mocha": {
      "version": "10.7.3"
    },
    "mochawesome": {
      "options": {
        "quiet": false,
        "reportFilename": "mochawesome",
        "saveHtml": true,
        "saveJson": true,
        "consoleReporter": "spec",
        "useInlineDiffs": false,
        "code": true
      },
      "version": "7.1.3"
    },
    "marge": {
      "options": null,
      "version": "6.2.0"
    }
  }
}