{
  "stats": {
    "suites": 1,
    "tests": 1,
    "passes": 0,
    "pending": 0,
    "failures": 1,
    "start": "2024-09-26T18:18:31.594Z",
    "end": "2024-09-26T18:18:37.142Z",
    "duration": 5548,
    "testsRegistered": 9,
    "passPercent": 0,
    "pendingPercent": 0,
    "other": 0,
    "hasOther": false,
    "skipped": 8,
    "hasSkipped": true
  },
  "results": [
    {
      "uuid": "52b14e92-51ef-4925-8f7c-1ad6d17a7b35",
      "title": "",
      "fullFile": "",
      "file": "",
      "beforeHooks": [],
      "afterHooks": [],
      "tests": [],
      "suites": [
        {
          "uuid": "767aafcc-d0d2-4420-b8e7-f7f423e203de",
          "title": "Tests_for_account_functionality",
          "fullFile": "C:\\Users\\Okechi\\Desktop\\Javascript\\Projects\\STLC Example Project\\tests\\selenium\\accountFunctionality.js",
          "file": "\\tests\\selenium\\accountFunctionality.js",
          "beforeHooks": [
            {
              "title": "\"before each\" hook",
              "fullTitle": "Tests_for_account_functionality \"before each\" hook",
              "timedOut": false,
              "duration": 0,
              "state": null,
              "speed": null,
              "pass": false,
              "fail": false,
              "pending": false,
              "context": null,
              "code": "//Launch a blank Chrome browser\ndriver = await new Builder().forBrowser(Browser.CHROME).build();\n//Moves browser window \nawait driver.manage().window().setRect({x: 10, y: -1440 });\n\n//Navigate to website\nawait driver.get('https://magento.softwaretestingboard.com/');",
              "err": {},
              "uuid": "8dbcd7a3-289d-4866-8cc2-f49d14e52d4a",
              "parentUUID": null,
              "isHook": true,
              "skipped": false
            }
          ],
          "afterHooks": [],
          "tests": [
            {
              "title": "Successfully creates an account",
              "fullTitle": "Tests_for_account_functionality Successfully creates an account",
              "timedOut": false,
              "duration": 0,
              "state": null,
              "speed": null,
              "pass": false,
              "fail": false,
              "pending": false,
              "context": null,
              "code": "await driver.findElement(By.xpath('//div[@class=\"panel header\"]/ul/li[3]')).click();\nlet currentUrl = await driver.getCurrentUrl();\n//Chai assert to verify the page is correct\nexpect(currentUrl).to.contain(\"account/create/\");\n//Enter account information\nawait driver.findElement(By.id('firstname')).sendKeys(person.firstName);\nawait driver.findElement(By.id('lastname')).sendKeys(person.lastName);\nawait driver.findElement(By.id('email_address')).sendKeys(person.email);\nawait driver.findElement(By.id('password')).sendKeys(person.password);\nconsole.log(person.password);\n\nawait driver.findElement(By.id('password-confirmation')).sendKeys(person.password);\n//Add the account details to the report\naddContext(this, {\n    title: \"Account information used\",\n    value: {\n        firstName: person.firstName,\n        lastName: person.lastName,\n        email: person.email,\n        password: person.password\n    }\n});\n\n//Submit new account information\nawait driver.findElement(By.xpath(\"//button[@class='action submit primary']\")).click();\n//Verify account has been created\nlet accountName = await driver.findElement(By.xpath(\"//div[@class='box-content']/p\")).getText();\nexpect(accountName).to.contain(person.firstName);\nexpect(accountName).to.contain(person.lastName);\nexpect(accountName).to.contain(person.email);",
              "err": {},
              "uuid": "281a87c6-7441-45fb-a43b-9a3a4e4d16fc",
              "parentUUID": null,
              "isHook": false,
              "skipped": true
            },
            {
              "title": "Unable to create an account with missing information",
              "fullTitle": "Tests_for_account_functionality Unable to create an account with missing information",
              "timedOut": false,
              "duration": 0,
              "state": null,
              "speed": null,
              "pass": false,
              "fail": false,
              "pending": false,
              "context": null,
              "code": "await driver.findElement(By.xpath('//div[@class=\"panel header\"]/ul/li[3]')).click();\nlet currentUrl = await driver.getCurrentUrl();\n//Chai assert to verify the page is correct\nexpect(currentUrl).to.contain(\"account/create/\");\n//Enter account information\nawait driver.findElement(By.id('firstname')).sendKeys(person2.firstName);\n// await driver.findElement(By.id('lastname')).sendKeys(person2.lastName);\nawait driver.findElement(By.id('email_address')).sendKeys(person2.email);\nawait driver.findElement(By.id('password')).sendKeys(person2.password);\nawait driver.findElement(By.id('password-confirmation')).sendKeys(person2.password);\n//Submit new account information\nawait driver.findElement(By.xpath(\"//button[@class='action submit primary']\")).click();\n//Chai assert for required info error\nconst requiredErr = await driver.findElement(By.xpath(\"//div[@class='mage-error']\")).isDisplayed();\nexpect(requiredErr).to.equal(true);",
              "err": {},
              "uuid": "8c914217-6e75-4599-96d1-6cbd7c588c89",
              "parentUUID": null,
              "isHook": false,
              "skipped": true
            },
            {
              "title": "Unable to create an account with passwords that dont match",
              "fullTitle": "Tests_for_account_functionality Unable to create an account with passwords that dont match",
              "timedOut": false,
              "duration": 0,
              "state": null,
              "speed": null,
              "pass": false,
              "fail": false,
              "pending": false,
              "context": null,
              "code": "await driver.findElement(By.xpath('//div[@class=\"panel header\"]/ul/li[3]')).click();\nlet currentUrl = await driver.getCurrentUrl();\n//Chai assert to verify the page is correct\nexpect(currentUrl).to.contain(\"account/create/\");\n//Enter account information\nawait driver.findElement(By.id('firstname')).sendKeys(person2.firstName);\nawait driver.findElement(By.id('lastname')).sendKeys(person2.lastName);\nawait driver.findElement(By.id('email_address')).sendKeys(person2.email);\nawait driver.findElement(By.id('password')).sendKeys(person2.password);\nawait driver.findElement(By.id('password-confirmation')).sendKeys(person2.password+1);\n//Submit new account information\nawait driver.findElement(By.xpath(\"//button[@class='action submit primary']\")).click();\n//Chai assert for password error\nconst passwordErr = await driver.findElement(By.xpath(\"//div[@id='password-confirmation-error']\")).isDisplayed();\nexpect(passwordErr).to.equal(true);",
              "err": {},
              "uuid": "48b0c339-16f4-467d-9cdb-dbb54f1e069f",
              "parentUUID": null,
              "isHook": false,
              "skipped": true
            },
            {
              "title": "Unable to create an account with an already registered email",
              "fullTitle": "Tests_for_account_functionality Unable to create an account with an already registered email",
              "timedOut": false,
              "duration": 0,
              "state": null,
              "speed": null,
              "pass": false,
              "fail": false,
              "pending": false,
              "context": null,
              "code": "await driver.findElement(By.xpath('//div[@class=\"panel header\"]/ul/li[3]')).click();\nlet currentUrl = await driver.getCurrentUrl();\n//Chai assert to verify the page is correct\nexpect(currentUrl).to.contain(\"account/create/\");\n//Enter account information\nawait driver.findElement(By.id('firstname')).sendKeys(person.firstName);\nawait driver.findElement(By.id('lastname')).sendKeys(person.lastName);\nawait driver.findElement(By.id('email_address')).sendKeys(person.email);\nawait driver.findElement(By.id('password')).sendKeys(person.password);\nawait driver.findElement(By.id('password-confirmation')).sendKeys(person.password);\n//Submit new account information\nawait driver.findElement(By.xpath(\"//button[@class='action submit primary']\")).click();\n//Chai assert for email error\nconst emailErr = await driver.findElement(By.xpath(\"//div[@class='page messages']\")).isDisplayed();\nexpect(emailErr).to.equal(true);",
              "err": {},
              "uuid": "33c504b7-f060-49f6-bb0a-a2efd32ff3ec",
              "parentUUID": null,
              "isHook": false,
              "skipped": true
            },
            {
              "title": "Successfully login with the correct email/password to a previously created account",
              "fullTitle": "Tests_for_account_functionality Successfully login with the correct email/password to a previously created account",
              "timedOut": false,
              "duration": 0,
              "state": null,
              "speed": null,
              "pass": false,
              "fail": false,
              "pending": false,
              "context": null,
              "code": "await driver.findElement(By.xpath('//div[@class=\"panel header\"]/ul/li[2]')).click();\n//Chai assert to verify the page is correct\nconst loginPageCheck = await driver.findElement(By.xpath('//h1[@class=\"page-title\"]/span[@class=\"base\"]')).getText();\nexpect(loginPageCheck).to.contain(\"Customer Login\");\n//Enter login information\nawait driver.findElement(By.id('email')).sendKeys(person.email);\nawait driver.findElement(By.id('pass')).sendKeys(person.password);\n\n//Submit login information\nawait driver.findElement(By.xpath(\"//button[@class='action login primary']\")).click();\n\n//Navigate to account information\nawait driver.findElement(By.xpath(\"//button[@class='action switch']\")).click();\nawait driver.findElement(By.xpath(\"//div[@class='customer-menu']/ul/li[1]\")).click();\n\nlet currentUrl = await driver.getCurrentUrl();\n\n//Chai assert to verify the page is correct\nexpect(currentUrl).to.contain(\"customer/account/\");\n\nlet accountInformation = await driver.findElement(By.xpath(\"//div[@class='box-content']/p\")).getText();\nexpect(accountInformation).to.contain(person.email);\nexpect(accountInformation).to.contain(person.firstName);\nexpect(accountInformation).to.contain(person.lastName);",
              "err": {},
              "uuid": "6304613a-f3d3-40ca-bdc4-cbe12aaf0d1e",
              "parentUUID": null,
              "isHook": false,
              "skipped": true
            },
            {
              "title": "Unable to login with the incorrect email and correct password to a previously created account",
              "fullTitle": "Tests_for_account_functionality Unable to login with the incorrect email and correct password to a previously created account",
              "timedOut": false,
              "duration": 0,
              "state": null,
              "speed": null,
              "pass": false,
              "fail": false,
              "pending": false,
              "context": null,
              "code": "await driver.findElement(By.xpath('//div[@class=\"panel header\"]/ul/li[2]')).click();\n//Chai assert to verify the page is correct\nconst loginPageCheck = await driver.findElement(By.xpath('//h1[@class=\"page-title\"]/span[@class=\"base\"]')).getText();\nexpect(loginPageCheck).to.contain(\"Customer Login\");\n//Enter login information\nawait driver.findElement(By.id('email')).sendKeys(person2.email);\nawait driver.findElement(By.id('pass')).sendKeys(person.password);\n//Submit login information\nawait driver.findElement(By.xpath(\"//button[@class='action login primary']\")).click();\n//Verify sign-in error\nconst logingErr = await driver.findElement(By.xpath(\"//div[@class='page messages']\")).isDisplayed();\nexpect(logingErr).to.equal(true);",
              "err": {},
              "uuid": "b6306da2-8b4c-410e-b54a-2e8bf8a7b8f9",
              "parentUUID": null,
              "isHook": false,
              "skipped": true
            },
            {
              "title": "Unable to login with the correct email and incorrect password to a previously created account",
              "fullTitle": "Tests_for_account_functionality Unable to login with the correct email and incorrect password to a previously created account",
              "timedOut": false,
              "duration": 0,
              "state": null,
              "speed": null,
              "pass": false,
              "fail": false,
              "pending": false,
              "context": null,
              "code": "await driver.findElement(By.xpath('//div[@class=\"panel header\"]/ul/li[2]')).click();\n//Chai assert to verify the page is correct\nconst loginPageCheck = await driver.findElement(By.xpath('//h1[@class=\"page-title\"]/span[@class=\"base\"]')).getText();\nexpect(loginPageCheck).to.contain(\"Customer Login\");\n//Enter login information\nawait driver.findElement(By.id('email')).sendKeys(person.email);\nawait driver.findElement(By.id('pass')).sendKeys(person2.password);\n//Submit login information\nawait driver.findElement(By.xpath(\"//button[@class='action login primary']\")).click();\n//Verify sign-in error\nconst logingErr = await driver.findElement(By.xpath(\"//div[@class='page messages']\")).isDisplayed();\nexpect(logingErr).to.equal(true);",
              "err": {},
              "uuid": "126307ca-636d-40ef-94d0-0821455e72c4",
              "parentUUID": null,
              "isHook": false,
              "skipped": true
            },
            {
              "title": "Unable to login with the incorrect email/password to a previously created account",
              "fullTitle": "Tests_for_account_functionality Unable to login with the incorrect email/password to a previously created account",
              "timedOut": false,
              "duration": 0,
              "state": null,
              "speed": null,
              "pass": false,
              "fail": false,
              "pending": false,
              "context": null,
              "code": "await driver.findElement(By.xpath('//div[@class=\"panel header\"]/ul/li[2]')).click();\n//Chai assert to verify the page is correct\nconst loginPageCheck = await driver.findElement(By.xpath('//h1[@class=\"page-title\"]/span[@class=\"base\"]')).getText();\nexpect(loginPageCheck).to.contain(\"Customer Login\");\n//Enter login information\nawait driver.findElement(By.id('email')).sendKeys(person2.email);\nawait driver.findElement(By.id('pass')).sendKeys(person2.password);\n//Submit login information\nawait driver.findElement(By.xpath(\"//button[@class='action login primary']\")).click();\n//Verify sign-in error\nconst logingErr = await driver.findElement(By.xpath(\"//div[@class='page messages']\")).isDisplayed();\nexpect(logingErr).to.equal(true);",
              "err": {},
              "uuid": "03b0ff1c-e25b-44ba-8a59-098bfd7befe5",
              "parentUUID": null,
              "isHook": false,
              "skipped": true
            }
          ],
          "suites": [],
          "passes": [],
          "failures": [],
          "pending": [],
          "skipped": [
            "281a87c6-7441-45fb-a43b-9a3a4e4d16fc",
            "8c914217-6e75-4599-96d1-6cbd7c588c89",
            "48b0c339-16f4-467d-9cdb-dbb54f1e069f",
            "33c504b7-f060-49f6-bb0a-a2efd32ff3ec",
            "6304613a-f3d3-40ca-bdc4-cbe12aaf0d1e",
            "b6306da2-8b4c-410e-b54a-2e8bf8a7b8f9",
            "126307ca-636d-40ef-94d0-0821455e72c4",
            "03b0ff1c-e25b-44ba-8a59-098bfd7befe5"
          ],
          "duration": 0,
          "root": false,
          "rootEmpty": false,
          "_timeout": 0
        },
        {
          "uuid": "356f2251-3987-4b5f-9849-13dc802c6d67",
          "title": "Tests_for_website_functionality",
          "fullFile": "C:\\Users\\Okechi\\Desktop\\Javascript\\Projects\\STLC Example Project\\tests\\selenium\\websiteFunctionality.js",
          "file": "\\tests\\selenium\\websiteFunctionality.js",
          "beforeHooks": [
            {
              "title": "\"before each\" hook in \"Tests_for_website_functionality\"",
              "fullTitle": "Tests_for_website_functionality \"before each\" hook in \"Tests_for_website_functionality\"",
              "timedOut": false,
              "duration": 2487,
              "state": null,
              "speed": null,
              "pass": false,
              "fail": false,
              "pending": false,
              "context": null,
              "code": "//Launch a blank Chrome browser\ndriver = await new Builder().forBrowser(Browser.CHROME).build();\n//Moves browser window \nawait driver.manage().window().setRect({x: 10, y: -1440 });\n\n//Navigate to website\nawait driver.get('https://magento.softwaretestingboard.com/');",
              "err": {},
              "uuid": "1f9bcae0-45fd-4661-9091-e2e41bfb8780",
              "parentUUID": "356f2251-3987-4b5f-9849-13dc802c6d67",
              "isHook": true,
              "skipped": false
            }
          ],
          "afterHooks": [],
          "tests": [
            {
              "title": "Navigates to the product page using the breadcrumbs",
              "fullTitle": "Tests_for_website_functionality Navigates to the product page using the breadcrumbs",
              "timedOut": false,
              "duration": 3055,
              "state": "failed",
              "speed": null,
              "pass": false,
              "fail": true,
              "pending": false,
              "context": null,
              "code": "//Navigate to a product catagory\n//Store category name\nconst categoryName = await driver.findElement(By.xpath(\"//nav[@class='navigation']//li[2]/a\")).getText();\n\n//Click category\nawait driver.findElement(By.xpath(`//nav[@class='navigation']//li[2]`)).click();\n//Store category name\nconst subCategoryName = await driver.findElement(By.xpath(\"//ol[@class='items']/li[1]/a\")).getText();\n\n//Click sub category\nawait driver.findElement(By.xpath(`//ol[@class='items']/li[1]/a`)).click();\n//Verify the page is correct\nconst previousBreadcrumb = await driver.findElement(By.xpath('//div[@class=\"breadcrumbs\"]/ul/li[2]')).getText();\nconst currentBreadcrumb = await driver.findElement(By.xpath('//div[@class=\"breadcrumbs\"]/ul/li[3]')).getText();\nexpect(previousBreadcrumb).to.equal(categoryName);\nexpect(currentBreadcrumb).to.equal(subCategoryName);\n//Set up rng to choose product\nconst products = await driver.findElements(By.xpath(\"//ol[@class='products list items product-items']/li\"));\nlet rngProduct = Math.floor(Math.random() * products.length + 1);\n//Store product name and price\nconst productName = await driver.findElement(By.xpath(`//ol[@class='products list items product-items']/li[${rngProduct}]//strong/a`)).getText();\nconst productPrice = await driver.findElement(By.xpath(`//ol[@class='products list items product-items']/li[${rngProduct}]//span[@class=\"normal-price\"]/span/span[2]/span`)).getText();\n//Click chosen product\nawait driver.findElement(By.xpath(`//ol[@class='products list items product-items']/li[${rngProduct}]//strong/a`)).click();\n//Verify page is correct\nlet currentUrl = await driver.getCurrentUrl()\nexpect(currentUrl.toLocaleLowerCase()).to.contain(productName.replace(/\\s/g, \"-\").toLocaleLowerCase());\n//Verify product information\nconst productPageName = await driver.findElement(By.xpath(\"//div[@class='product-info-main']/div[1]/h1/span\")).getText();\nconst productPagePrice = await driver.findElement(By.xpath(\"//div[@class='product-info-main']/div[3]//span[@class='normal-price']/span/span[2]/span\")).getText();\nexpect(productPageName).to.equal(productName);\nexpect(productPagePrice).to.equal(productPrice);\n\n//Navigate to the category page via breadcrumb\nawait driver.findElement(By.xpath('//div[@class=\"breadcrumbs\"]/ul/li[2]')).click();\n//Store page info\nconst categoryPageTitle = await driver.findElement(By.xpath('//h1[@id=\"page-title-heading\"]/span')).getText();\nexpect(categoryName).to.equal(categoryPageTitle);\n//Navigate back to the sub category\nawait driver.findElement(By.xpath(`//ol[@class='items']/li[1]/a`)).click();\n//Navigate back to the product\nawait driver.findElement(By.xpath(`//ol[@class='products list items product-items']/li[${rngProduct}]//strong/a`)).click();\n//Navigate to the subcategory page via breadcrumb\nawait driver.findElement(By.xpath(`//div[@class=\"breadcrumbs\"]/ul/li[3]/a`)).click();\n//Store page info\nconst subCategoryPageTitle = await driver.findElement(By.xpath('//h1[@id=\"page-title-heading\"]/span')).getText();\nexpect(subCategoryName).to.equal(subCategoryPageTitle);",
              "err": {
                "message": "NoSuchElementError: no such element: Unable to locate element: {\"method\":\"xpath\",\"selector\":\"//div[@class=\"breadcrumbs\"]/ul/li[2]\"}\n  (Session info: chrome=129.0.6668.60)",
                "estack": "NoSuchElementError: no such element: Unable to locate element: {\"method\":\"xpath\",\"selector\":\"//div[@class=\"breadcrumbs\"]/ul/li[2]\"}\n  (Session info: chrome=129.0.6668.60)\n    at Object.throwDecodedError (node_modules\\selenium-webdriver\\lib\\error.js:521:15)\n    at parseHttpResponse (node_modules\\selenium-webdriver\\lib\\http.js:514:13)\n    at Executor.execute (node_modules\\selenium-webdriver\\lib\\http.js:446:28)\n    at process.processTicksAndRejections (node:internal/process/task_queues:95:5)\n    at async Driver.execute (node_modules\\selenium-webdriver\\lib\\webdriver.js:742:17)\n    at async toWireValue (node_modules\\selenium-webdriver\\lib\\webdriver.js:147:15)\n    at async C:\\Users\\Okechi\\Desktop\\Javascript\\Projects\\STLC Example Project\\node_modules\\selenium-webdriver\\lib\\webdriver.js:193:16\n    at async forEachKey (node_modules\\selenium-webdriver\\lib\\webdriver.js:187:9)\n    at async convertKeys (node_modules\\selenium-webdriver\\lib\\webdriver.js:192:3)\n    at async Driver.execute (node_modules\\selenium-webdriver\\lib\\webdriver.js:740:22)\n    at async Context.<anonymous> (tests\\selenium\\websiteFunctionality.js:115:9)",
                "diff": null
              },
              "uuid": "519dcea2-ebd4-4556-909f-6fcb82b16623",
              "parentUUID": "356f2251-3987-4b5f-9849-13dc802c6d67",
              "isHook": false,
              "skipped": false
            }
          ],
          "suites": [],
          "passes": [],
          "failures": [
            "519dcea2-ebd4-4556-909f-6fcb82b16623"
          ],
          "pending": [],
          "skipped": [],
          "duration": 3055,
          "root": false,
          "rootEmpty": false,
          "_timeout": 0
        }
      ],
      "passes": [],
      "failures": [],
      "pending": [],
      "skipped": [],
      "duration": 0,
      "root": true,
      "rootEmpty": true,
      "_timeout": 0
    }
  ],
  "meta": {
    "mocha": {
      "version": "10.7.3"
    },
    "mochawesome": {
      "options": {
        "quiet": false,
        "reportFilename": "mochawesome",
        "saveHtml": true,
        "saveJson": true,
        "consoleReporter": "spec",
        "useInlineDiffs": false,
        "code": true
      },
      "version": "7.1.3"
    },
    "marge": {
      "options": null,
      "version": "6.2.0"
    }
  }
}